[debug] [2021-09-25T02:26:15.342Z] ----------------------------------------------------------------------
[debug] [2021-09-25T02:26:15.345Z] Command:       C:\Program Files\nodejs\node.exe C:\Users\julia\AppData\Roaming\npm\node_modules\firebase-tools\lib\bin\firebase.js emulators:start
[debug] [2021-09-25T02:26:15.346Z] CLI Version:   9.18.0
[debug] [2021-09-25T02:26:15.346Z] Platform:      win32
[debug] [2021-09-25T02:26:15.346Z] Node Version:  v14.16.0
[debug] [2021-09-25T02:26:15.347Z] Time:          Sat Sep 25 2021 03:26:15 GMT+0100 (Irish Standard Time)
[debug] [2021-09-25T02:26:15.348Z] ----------------------------------------------------------------------
[debug] 
[debug] [2021-09-25T02:26:15.430Z] > command requires scopes: ["email","openid","https://www.googleapis.com/auth/cloudplatformprojects.readonly","https://www.googleapis.com/auth/firebase","https://www.googleapis.com/auth/cloud-platform"]
[debug] [2021-09-25T02:26:15.431Z] > authorizing via signed-in user (juliarodrigo2002@gmail.com)
[info] i  emulators: Starting emulators: functions, hosting {"metadata":{"emulator":{"name":"hub"},"message":"Starting emulators: functions, hosting"}}
[debug] [2021-09-25T02:26:15.476Z] [hub] writing locator at C:\Users\julia\AppData\Local\Temp\hub-again-d5564.json
[warn] !  functions: The following emulators are not running, calls to these services from the Functions emulator will affect production: auth, firestore, database, pubsub, storage {"metadata":{"emulator":{"name":"functions"},"message":"The following emulators are not running, calls to these services from the Functions emulator will affect production: \u001b[1mauth, firestore, database, pubsub, storage\u001b[22m"}}
[info] +  functions: Using node@14 from host. {"metadata":{"emulator":{"name":"functions"},"message":"Using node@14 from host."}}
[debug] [2021-09-25T02:26:15.529Z] defaultcredentials: writing to file C:\Users\julia\AppData\Roaming\firebase\juliarodrigo2002_gmail_com_application_default_credentials.json
[debug] [2021-09-25T02:26:15.536Z] Setting GAC to C:\Users\julia\AppData\Roaming\firebase\juliarodrigo2002_gmail_com_application_default_credentials.json {"metadata":{"emulator":{"name":"functions"},"message":"Setting GAC to C:\\Users\\julia\\AppData\\Roaming\\firebase\\juliarodrigo2002_gmail_com_application_default_credentials.json"}}
[debug] [2021-09-25T02:26:15.538Z] > refreshing access token with scopes: []
[debug] [2021-09-25T02:26:15.539Z] >>> HTTP REQUEST POST https://www.googleapis.com/oauth2/v3/token  
 <request body omitted>
[debug] [2021-09-25T02:26:15.604Z] <<< HTTP RESPONSE 200 {"pragma":"no-cache","date":"Sat, 25 Sep 2021 02:26:16 GMT","cache-control":"no-cache, no-store, max-age=0, must-revalidate","expires":"Mon, 01 Jan 1990 00:00:00 GMT","content-type":"application/json; charset=utf-8","vary":"X-Origin, Referer, Origin,Accept-Encoding","server":"scaffolding on HTTPServer2","x-xss-protection":"0","x-frame-options":"SAMEORIGIN","x-content-type-options":"nosniff","alt-svc":"h3=\":443\"; ma=2592000,h3-29=\":443\"; ma=2592000,h3-T051=\":443\"; ma=2592000,h3-Q050=\":443\"; ma=2592000,h3-Q046=\":443\"; ma=2592000,h3-Q043=\":443\"; ma=2592000,quic=\":443\"; ma=2592000; v=\"46,43\"","accept-ranges":"none","transfer-encoding":"chunked"}
[debug] [2021-09-25T02:26:15.623Z] >>> [apiv2][query] GET https://firebase.googleapis.com/v1beta1/projects/again-d5564/adminSdkConfig [none]
[debug] [2021-09-25T02:26:16.328Z] <<< [apiv2][status] GET https://firebase.googleapis.com/v1beta1/projects/again-d5564/adminSdkConfig 200
[debug] [2021-09-25T02:26:16.329Z] <<< [apiv2][body] GET https://firebase.googleapis.com/v1beta1/projects/again-d5564/adminSdkConfig {"projectId":"again-d5564","storageBucket":"again-d5564.appspot.com","locationId":"us-central"}
[debug] [2021-09-25T02:26:16.358Z] >>> [apiv2][query] GET https://firebasehosting.googleapis.com/v1beta1/projects/again-d5564/sites 
[debug] [2021-09-25T02:26:17.359Z] <<< [apiv2][status] GET https://firebasehosting.googleapis.com/v1beta1/projects/again-d5564/sites 200
[debug] [2021-09-25T02:26:17.359Z] <<< [apiv2][body] GET https://firebasehosting.googleapis.com/v1beta1/projects/again-d5564/sites {"sites":[{"name":"projects/90579958253/sites/again-d5564","defaultUrl":"https://again-d5564.web.app","appId":"1:90579958253:web:67ae447311aabd1779cfe4","type":"DEFAULT_SITE"}]}
[debug] [2021-09-25T02:26:17.360Z] >>> [apiv2][query] GET https://firebase.googleapis.com/v1beta1/projects/again-d5564/webApps/1:90579958253:web:67ae447311aabd1779cfe4/config [none]
[debug] [2021-09-25T02:26:18.370Z] <<< [apiv2][status] GET https://firebase.googleapis.com/v1beta1/projects/again-d5564/webApps/1:90579958253:web:67ae447311aabd1779cfe4/config 200
[debug] [2021-09-25T02:26:18.371Z] <<< [apiv2][body] GET https://firebase.googleapis.com/v1beta1/projects/again-d5564/webApps/1:90579958253:web:67ae447311aabd1779cfe4/config {"projectId":"again-d5564","appId":"1:90579958253:web:67ae447311aabd1779cfe4","storageBucket":"again-d5564.appspot.com","locationId":"us-central","apiKey":"AIzaSyALZcMT-L9RFa4g17_xNANdfwPy2WZNE0Y","authDomain":"again-d5564.firebaseapp.com","messagingSenderId":"90579958253","measurementId":"G-1NGJPP6MJ6"}
[info] i  hosting: Serving hosting files from: build {"metadata":{"emulator":{"name":"hosting"},"message":"Serving hosting files from: \u001b[1mbuild\u001b[22m"}}
[info] +  hosting: Local server: http://localhost:5000 {"metadata":{"emulator":{"name":"hosting"},"message":"Local server: \u001b[4m\u001b[1mhttp://localhost:5000\u001b[22m\u001b[24m"}}
[debug] [2021-09-25T02:26:18.432Z] Ignoring unsupported arg: auto_download {"metadata":{"emulator":{"name":"ui"},"message":"Ignoring unsupported arg: auto_download"}}
[debug] [2021-09-25T02:26:18.433Z] Ignoring unsupported arg: port {"metadata":{"emulator":{"name":"ui"},"message":"Ignoring unsupported arg: port"}}
[debug] [2021-09-25T02:26:18.433Z] Starting Emulator UI with command {"binary":"node","args":["C:\\Users\\julia\\.cache\\firebase\\emulators\\ui-v1.6.3\\server.bundle.js"],"optionalArgs":[],"joinArgs":false} {"metadata":{"emulator":{"name":"ui"},"message":"Starting Emulator UI with command {\"binary\":\"node\",\"args\":[\"C:\\\\Users\\\\julia\\\\.cache\\\\firebase\\\\emulators\\\\ui-v1.6.3\\\\server.bundle.js\"],\"optionalArgs\":[],\"joinArgs\":false}"}}
[info] i  ui: Emulator UI logging to ui-debug.log {"metadata":{"emulator":{"name":"ui"},"message":"Emulator UI logging to \u001b[1mui-debug.log\u001b[22m"}}
[debug] [2021-09-25T02:26:18.650Z] Web / API server started at localhost:4000
 {"metadata":{"emulator":{"name":"ui"},"message":"Web / API server started at localhost:4000\n"}}
[info] i  functions: Watching "D:\Own_Project\we\this is bak\BAK2\amazon-clone\functions" for Cloud Functions... {"metadata":{"emulator":{"name":"functions"},"message":"Watching \"D:\\Own_Project\\we\\this is bak\\BAK2\\amazon-clone\\functions\" for Cloud Functions..."}}
[debug] [2021-09-25T02:26:18.754Z] [worker-pool] addWorker(~diagnostic~) {"metadata":{"emulator":{"name":"functions"},"message":"[worker-pool] addWorker(~diagnostic~)"}}
[debug] [2021-09-25T02:26:18.755Z] [worker-pool] Adding worker with key ~diagnostic~, total=1 {"metadata":{"emulator":{"name":"functions"},"message":"[worker-pool] Adding worker with key ~diagnostic~, total=1"}}
[debug] [2021-09-25T02:26:18.755Z] [worker-pool] submitWork(triggerId=) {"metadata":{"emulator":{"name":"functions"},"message":"[worker-pool] submitWork(triggerId=)"}}
[debug] [2021-09-25T02:26:18.759Z] [worker-~diagnostic~-5bb055bf-3df9-4619-9ee4-f277d3d0dded]: Assigning socketPath: \\?\pipe\D:\Own_Project\we\this is bak\BAK2\amazon-clone\functions\4616 {"metadata":{"emulator":{"name":"functions"},"message":"[worker-~diagnostic~-5bb055bf-3df9-4619-9ee4-f277d3d0dded]: Assigning socketPath: \\\\?\\pipe\\D:\\Own_Project\\we\\this is bak\\BAK2\\amazon-clone\\functions\\4616"}}
[debug] [2021-09-25T02:26:18.759Z] [worker-~diagnostic~-5bb055bf-3df9-4619-9ee4-f277d3d0dded]: BUSY {"metadata":{"emulator":{"name":"functions"},"message":"[worker-~diagnostic~-5bb055bf-3df9-4619-9ee4-f277d3d0dded]: BUSY"}}
[debug] [2021-09-25T02:26:19.458Z] [runtime-status] [4616] Functions runtime initialized. {"cwd":"D:\\Own_Project\\we\\this is bak\\BAK2\\amazon-clone\\functions","node_version":"14.16.0"} {"metadata":{"emulator":{"name":"functions"},"message":"[runtime-status] [4616] Functions runtime initialized. {\"cwd\":\"D:\\\\Own_Project\\\\we\\\\this is bak\\\\BAK2\\\\amazon-clone\\\\functions\",\"node_version\":\"14.16.0\"}"}}
[debug] [2021-09-25T02:26:19.462Z] [runtime-status] [4616] Disabled runtime features: undefined {"metadata":{"emulator":{"name":"functions"},"message":"[runtime-status] [4616] Disabled runtime features: undefined"}}
[debug] [2021-09-25T02:26:19.483Z] [runtime-status] [4616] Resolved module firebase-admin {"declared":true,"installed":true,"version":"9.11.1","resolution":"D:\\Own_Project\\we\\this is bak\\BAK2\\amazon-clone\\functions\\node_modules\\firebase-admin\\lib\\index.js"} {"metadata":{"emulator":{"name":"functions"},"message":"[runtime-status] [4616] Resolved module firebase-admin {\"declared\":true,\"installed\":true,\"version\":\"9.11.1\",\"resolution\":\"D:\\\\Own_Project\\\\we\\\\this is bak\\\\BAK2\\\\amazon-clone\\\\functions\\\\node_modules\\\\firebase-admin\\\\lib\\\\index.js\"}"}}
[debug] [2021-09-25T02:26:19.491Z] [runtime-status] [4616] Resolved module firebase-functions {"declared":true,"installed":true,"version":"3.15.7","resolution":"D:\\Own_Project\\we\\this is bak\\BAK2\\amazon-clone\\functions\\node_modules\\firebase-functions\\lib\\index.js"} {"metadata":{"emulator":{"name":"functions"},"message":"[runtime-status] [4616] Resolved module firebase-functions {\"declared\":true,\"installed\":true,\"version\":\"3.15.7\",\"resolution\":\"D:\\\\Own_Project\\\\we\\\\this is bak\\\\BAK2\\\\amazon-clone\\\\functions\\\\node_modules\\\\firebase-functions\\\\lib\\\\index.js\"}"}}
[debug] [2021-09-25T02:26:19.500Z] [runtime-status] [4616] Resolved module firebase-functions {"declared":true,"installed":true,"version":"3.15.7","resolution":"D:\\Own_Project\\we\\this is bak\\BAK2\\amazon-clone\\functions\\node_modules\\firebase-functions\\lib\\index.js"} {"metadata":{"emulator":{"name":"functions"},"message":"[runtime-status] [4616] Resolved module firebase-functions {\"declared\":true,\"installed\":true,\"version\":\"3.15.7\",\"resolution\":\"D:\\\\Own_Project\\\\we\\\\this is bak\\\\BAK2\\\\amazon-clone\\\\functions\\\\node_modules\\\\firebase-functions\\\\lib\\\\index.js\"}"}}
[debug] [2021-09-25T02:26:19.503Z] [runtime-status] [4616] Outgoing network have been stubbed. [{"name":"http","status":"mocked"},{"name":"http","status":"mocked"},{"name":"https","status":"mocked"},{"name":"https","status":"mocked"},{"name":"net","status":"mocked"}] {"metadata":{"emulator":{"name":"functions"},"message":"[runtime-status] [4616] Outgoing network have been stubbed. [{\"name\":\"http\",\"status\":\"mocked\"},{\"name\":\"http\",\"status\":\"mocked\"},{\"name\":\"https\",\"status\":\"mocked\"},{\"name\":\"https\",\"status\":\"mocked\"},{\"name\":\"net\",\"status\":\"mocked\"}]"}}
[debug] [2021-09-25T02:26:19.504Z] [runtime-status] [4616] Resolved module firebase-functions {"declared":true,"installed":true,"version":"3.15.7","resolution":"D:\\Own_Project\\we\\this is bak\\BAK2\\amazon-clone\\functions\\node_modules\\firebase-functions\\lib\\index.js"} {"metadata":{"emulator":{"name":"functions"},"message":"[runtime-status] [4616] Resolved module firebase-functions {\"declared\":true,\"installed\":true,\"version\":\"3.15.7\",\"resolution\":\"D:\\\\Own_Project\\\\we\\\\this is bak\\\\BAK2\\\\amazon-clone\\\\functions\\\\node_modules\\\\firebase-functions\\\\lib\\\\index.js\"}"}}
[debug] [2021-09-25T02:26:19.640Z] [runtime-status] [4616] Checked functions.config() {"config":{}} {"metadata":{"emulator":{"name":"functions"},"message":"[runtime-status] [4616] Checked functions.config() {\"config\":{}}"}}
[debug] [2021-09-25T02:26:19.640Z] [runtime-status] [4616] firebase-functions has been stubbed. {"functionsResolution":{"declared":true,"installed":true,"version":"3.15.7","resolution":"D:\\Own_Project\\we\\this is bak\\BAK2\\amazon-clone\\functions\\node_modules\\firebase-functions\\lib\\index.js"}} {"metadata":{"emulator":{"name":"functions"},"message":"[runtime-status] [4616] firebase-functions has been stubbed. {\"functionsResolution\":{\"declared\":true,\"installed\":true,\"version\":\"3.15.7\",\"resolution\":\"D:\\\\Own_Project\\\\we\\\\this is bak\\\\BAK2\\\\amazon-clone\\\\functions\\\\node_modules\\\\firebase-functions\\\\lib\\\\index.js\"}}"}}
[debug] [2021-09-25T02:26:19.642Z] [runtime-status] [4616] Resolved module firebase-functions {"declared":true,"installed":true,"version":"3.15.7","resolution":"D:\\Own_Project\\we\\this is bak\\BAK2\\amazon-clone\\functions\\node_modules\\firebase-functions\\lib\\index.js"} {"metadata":{"emulator":{"name":"functions"},"message":"[runtime-status] [4616] Resolved module firebase-functions {\"declared\":true,\"installed\":true,\"version\":\"3.15.7\",\"resolution\":\"D:\\\\Own_Project\\\\we\\\\this is bak\\\\BAK2\\\\amazon-clone\\\\functions\\\\node_modules\\\\firebase-functions\\\\lib\\\\index.js\"}"}}
[debug] [2021-09-25T02:26:19.644Z] [runtime-status] [4616] Resolved module firebase-admin {"declared":true,"installed":true,"version":"9.11.1","resolution":"D:\\Own_Project\\we\\this is bak\\BAK2\\amazon-clone\\functions\\node_modules\\firebase-admin\\lib\\index.js"} {"metadata":{"emulator":{"name":"functions"},"message":"[runtime-status] [4616] Resolved module firebase-admin {\"declared\":true,\"installed\":true,\"version\":\"9.11.1\",\"resolution\":\"D:\\\\Own_Project\\\\we\\\\this is bak\\\\BAK2\\\\amazon-clone\\\\functions\\\\node_modules\\\\firebase-admin\\\\lib\\\\index.js\"}"}}
[debug] [2021-09-25T02:26:19.645Z] [runtime-status] [4616] Resolved module firebase-functions {"declared":true,"installed":true,"version":"3.15.7","resolution":"D:\\Own_Project\\we\\this is bak\\BAK2\\amazon-clone\\functions\\node_modules\\firebase-functions\\lib\\index.js"} {"metadata":{"emulator":{"name":"functions"},"message":"[runtime-status] [4616] Resolved module firebase-functions {\"declared\":true,\"installed\":true,\"version\":\"3.15.7\",\"resolution\":\"D:\\\\Own_Project\\\\we\\\\this is bak\\\\BAK2\\\\amazon-clone\\\\functions\\\\node_modules\\\\firebase-functions\\\\lib\\\\index.js\"}"}}
[debug] [2021-09-25T02:26:19.646Z] [runtime-status] [4616] firebase-admin has been stubbed. {"adminResolution":{"declared":true,"installed":true,"version":"9.11.1","resolution":"D:\\Own_Project\\we\\this is bak\\BAK2\\amazon-clone\\functions\\node_modules\\firebase-admin\\lib\\index.js"}} {"metadata":{"emulator":{"name":"functions"},"message":"[runtime-status] [4616] firebase-admin has been stubbed. {\"adminResolution\":{\"declared\":true,\"installed\":true,\"version\":\"9.11.1\",\"resolution\":\"D:\\\\Own_Project\\\\we\\\\this is bak\\\\BAK2\\\\amazon-clone\\\\functions\\\\node_modules\\\\firebase-admin\\\\lib\\\\index.js\"}}"}}
[info] +  functions[us-central1-api]: http function initialized (http://localhost:5001/again-d5564/us-central1/api). {"metadata":{"emulator":{"name":"functions"},"message":"\u001b[1mhttp\u001b[22m function initialized (http://localhost:5001/again-d5564/us-central1/api)."}}
[info] 
┌─────────────────────────────────────────────────────────────┐
│ ✔  All emulators ready! It is now safe to connect your app. │
│ i  View Emulator UI at http://localhost:4000                │
└─────────────────────────────────────────────────────────────┘

┌───────────┬────────────────┬─────────────────────────────────┐
│ Emulator  │ Host:Port      │ View in Emulator UI             │
├───────────┼────────────────┼─────────────────────────────────┤
│ Functions │ localhost:5001 │ http://localhost:4000/functions │
├───────────┼────────────────┼─────────────────────────────────┤
│ Hosting   │ localhost:5000 │ n/a                             │
└───────────┴────────────────┴─────────────────────────────────┘
  Emulator Hub running at localhost:4400
  Other reserved ports: 4500

Issues? Report them at https://github.com/firebase/firebase-tools/issues and attach the *-debug.log files.
 
[debug] [2021-09-25T02:26:20.248Z] [worker-~diagnostic~-5bb055bf-3df9-4619-9ee4-f277d3d0dded]: IDLE {"metadata":{"emulator":{"name":"functions"},"message":"[worker-~diagnostic~-5bb055bf-3df9-4619-9ee4-f277d3d0dded]: IDLE"}}
[debug] [2021-09-25T02:28:44.990Z] [work-queue] {"queueLength":1,"workRunningCount":0}
[debug] [2021-09-25T02:28:44.991Z] [work-queue] {"queueLength":0,"workRunningCount":1}
[debug] [2021-09-25T02:28:44.992Z] Accepted request POST /again-d5564/us-central1/api/payments/create?total=17120 --> us-central1-api
[debug] [2021-09-25T02:28:45.011Z] [worker-pool] addWorker(us-central1-api) {"metadata":{"emulator":{"name":"functions"},"message":"[worker-pool] addWorker(us-central1-api)"}}
[debug] [2021-09-25T02:28:45.012Z] [worker-pool] Adding worker with key us-central1-api, total=1 {"metadata":{"emulator":{"name":"functions"},"message":"[worker-pool] Adding worker with key us-central1-api, total=1"}}
[debug] [2021-09-25T02:28:45.013Z] [worker-pool] submitWork(triggerId=us-central1-api) {"metadata":{"emulator":{"name":"functions"},"message":"[worker-pool] submitWork(triggerId=us-central1-api)"}}
[debug] [2021-09-25T02:28:45.013Z] [worker-us-central1-api-ab74a218-1f8b-4a9a-a22a-f2ce4da4279c]: Assigning socketPath: \\?\pipe\D:\Own_Project\we\this is bak\BAK2\amazon-clone\functions\2800 {"metadata":{"emulator":{"name":"functions"},"message":"[worker-us-central1-api-ab74a218-1f8b-4a9a-a22a-f2ce4da4279c]: Assigning socketPath: \\\\?\\pipe\\D:\\Own_Project\\we\\this is bak\\BAK2\\amazon-clone\\functions\\2800"}}
[debug] [2021-09-25T02:28:45.013Z] [worker-us-central1-api-ab74a218-1f8b-4a9a-a22a-f2ce4da4279c]: BUSY {"metadata":{"emulator":{"name":"functions"},"message":"[worker-us-central1-api-ab74a218-1f8b-4a9a-a22a-f2ce4da4279c]: BUSY"}}
[debug] [2021-09-25T02:28:46.613Z] [runtime-status] [2800] Functions runtime initialized. {"cwd":"D:\\Own_Project\\we\\this is bak\\BAK2\\amazon-clone\\functions","node_version":"14.16.0"} {"metadata":{"emulator":{"name":"functions"},"function":{"name":"us-central1-api"},"message":"[runtime-status] [2800] Functions runtime initialized. {\"cwd\":\"D:\\\\Own_Project\\\\we\\\\this is bak\\\\BAK2\\\\amazon-clone\\\\functions\",\"node_version\":\"14.16.0\"}"}}
[debug] [2021-09-25T02:28:46.618Z] [runtime-status] [2800] Disabled runtime features: undefined {"metadata":{"emulator":{"name":"functions"},"function":{"name":"us-central1-api"},"message":"[runtime-status] [2800] Disabled runtime features: undefined"}}
[debug] [2021-09-25T02:28:46.623Z] [runtime-status] [2800] Resolved module firebase-admin {"declared":true,"installed":true,"version":"9.11.1","resolution":"D:\\Own_Project\\we\\this is bak\\BAK2\\amazon-clone\\functions\\node_modules\\firebase-admin\\lib\\index.js"} {"metadata":{"emulator":{"name":"functions"},"function":{"name":"us-central1-api"},"message":"[runtime-status] [2800] Resolved module firebase-admin {\"declared\":true,\"installed\":true,\"version\":\"9.11.1\",\"resolution\":\"D:\\\\Own_Project\\\\we\\\\this is bak\\\\BAK2\\\\amazon-clone\\\\functions\\\\node_modules\\\\firebase-admin\\\\lib\\\\index.js\"}"}}
[debug] [2021-09-25T02:28:46.629Z] [runtime-status] [2800] Resolved module firebase-functions {"declared":true,"installed":true,"version":"3.15.7","resolution":"D:\\Own_Project\\we\\this is bak\\BAK2\\amazon-clone\\functions\\node_modules\\firebase-functions\\lib\\index.js"} {"metadata":{"emulator":{"name":"functions"},"function":{"name":"us-central1-api"},"message":"[runtime-status] [2800] Resolved module firebase-functions {\"declared\":true,\"installed\":true,\"version\":\"3.15.7\",\"resolution\":\"D:\\\\Own_Project\\\\we\\\\this is bak\\\\BAK2\\\\amazon-clone\\\\functions\\\\node_modules\\\\firebase-functions\\\\lib\\\\index.js\"}"}}
[debug] [2021-09-25T02:28:46.632Z] [runtime-status] [2800] Resolved module firebase-functions {"declared":true,"installed":true,"version":"3.15.7","resolution":"D:\\Own_Project\\we\\this is bak\\BAK2\\amazon-clone\\functions\\node_modules\\firebase-functions\\lib\\index.js"} {"metadata":{"emulator":{"name":"functions"},"function":{"name":"us-central1-api"},"message":"[runtime-status] [2800] Resolved module firebase-functions {\"declared\":true,\"installed\":true,\"version\":\"3.15.7\",\"resolution\":\"D:\\\\Own_Project\\\\we\\\\this is bak\\\\BAK2\\\\amazon-clone\\\\functions\\\\node_modules\\\\firebase-functions\\\\lib\\\\index.js\"}"}}
[debug] [2021-09-25T02:28:46.634Z] [runtime-status] [2800] Outgoing network have been stubbed. [{"name":"http","status":"mocked"},{"name":"http","status":"mocked"},{"name":"https","status":"mocked"},{"name":"https","status":"mocked"},{"name":"net","status":"mocked"}] {"metadata":{"emulator":{"name":"functions"},"function":{"name":"us-central1-api"},"message":"[runtime-status] [2800] Outgoing network have been stubbed. [{\"name\":\"http\",\"status\":\"mocked\"},{\"name\":\"http\",\"status\":\"mocked\"},{\"name\":\"https\",\"status\":\"mocked\"},{\"name\":\"https\",\"status\":\"mocked\"},{\"name\":\"net\",\"status\":\"mocked\"}]"}}
[debug] [2021-09-25T02:28:46.635Z] [runtime-status] [2800] Resolved module firebase-functions {"declared":true,"installed":true,"version":"3.15.7","resolution":"D:\\Own_Project\\we\\this is bak\\BAK2\\amazon-clone\\functions\\node_modules\\firebase-functions\\lib\\index.js"} {"metadata":{"emulator":{"name":"functions"},"function":{"name":"us-central1-api"},"message":"[runtime-status] [2800] Resolved module firebase-functions {\"declared\":true,\"installed\":true,\"version\":\"3.15.7\",\"resolution\":\"D:\\\\Own_Project\\\\we\\\\this is bak\\\\BAK2\\\\amazon-clone\\\\functions\\\\node_modules\\\\firebase-functions\\\\lib\\\\index.js\"}"}}
[debug] [2021-09-25T02:28:46.696Z] [runtime-status] [2800] Checked functions.config() {"config":{}} {"metadata":{"emulator":{"name":"functions"},"function":{"name":"us-central1-api"},"message":"[runtime-status] [2800] Checked functions.config() {\"config\":{}}"}}
[debug] [2021-09-25T02:28:46.697Z] [runtime-status] [2800] firebase-functions has been stubbed. {"functionsResolution":{"declared":true,"installed":true,"version":"3.15.7","resolution":"D:\\Own_Project\\we\\this is bak\\BAK2\\amazon-clone\\functions\\node_modules\\firebase-functions\\lib\\index.js"}} {"metadata":{"emulator":{"name":"functions"},"function":{"name":"us-central1-api"},"message":"[runtime-status] [2800] firebase-functions has been stubbed. {\"functionsResolution\":{\"declared\":true,\"installed\":true,\"version\":\"3.15.7\",\"resolution\":\"D:\\\\Own_Project\\\\we\\\\this is bak\\\\BAK2\\\\amazon-clone\\\\functions\\\\node_modules\\\\firebase-functions\\\\lib\\\\index.js\"}}"}}
[debug] [2021-09-25T02:28:46.698Z] [runtime-status] [2800] Resolved module firebase-functions {"declared":true,"installed":true,"version":"3.15.7","resolution":"D:\\Own_Project\\we\\this is bak\\BAK2\\amazon-clone\\functions\\node_modules\\firebase-functions\\lib\\index.js"} {"metadata":{"emulator":{"name":"functions"},"function":{"name":"us-central1-api"},"message":"[runtime-status] [2800] Resolved module firebase-functions {\"declared\":true,\"installed\":true,\"version\":\"3.15.7\",\"resolution\":\"D:\\\\Own_Project\\\\we\\\\this is bak\\\\BAK2\\\\amazon-clone\\\\functions\\\\node_modules\\\\firebase-functions\\\\lib\\\\index.js\"}"}}
[debug] [2021-09-25T02:28:46.699Z] [runtime-status] [2800] Resolved module firebase-admin {"declared":true,"installed":true,"version":"9.11.1","resolution":"D:\\Own_Project\\we\\this is bak\\BAK2\\amazon-clone\\functions\\node_modules\\firebase-admin\\lib\\index.js"} {"metadata":{"emulator":{"name":"functions"},"function":{"name":"us-central1-api"},"message":"[runtime-status] [2800] Resolved module firebase-admin {\"declared\":true,\"installed\":true,\"version\":\"9.11.1\",\"resolution\":\"D:\\\\Own_Project\\\\we\\\\this is bak\\\\BAK2\\\\amazon-clone\\\\functions\\\\node_modules\\\\firebase-admin\\\\lib\\\\index.js\"}"}}
[debug] [2021-09-25T02:28:46.700Z] [runtime-status] [2800] Resolved module firebase-functions {"declared":true,"installed":true,"version":"3.15.7","resolution":"D:\\Own_Project\\we\\this is bak\\BAK2\\amazon-clone\\functions\\node_modules\\firebase-functions\\lib\\index.js"} {"metadata":{"emulator":{"name":"functions"},"function":{"name":"us-central1-api"},"message":"[runtime-status] [2800] Resolved module firebase-functions {\"declared\":true,\"installed\":true,\"version\":\"3.15.7\",\"resolution\":\"D:\\\\Own_Project\\\\we\\\\this is bak\\\\BAK2\\\\amazon-clone\\\\functions\\\\node_modules\\\\firebase-functions\\\\lib\\\\index.js\"}"}}
[debug] [2021-09-25T02:28:46.701Z] [runtime-status] [2800] firebase-admin has been stubbed. {"adminResolution":{"declared":true,"installed":true,"version":"9.11.1","resolution":"D:\\Own_Project\\we\\this is bak\\BAK2\\amazon-clone\\functions\\node_modules\\firebase-admin\\lib\\index.js"}} {"metadata":{"emulator":{"name":"functions"},"function":{"name":"us-central1-api"},"message":"[runtime-status] [2800] firebase-admin has been stubbed. {\"adminResolution\":{\"declared\":true,\"installed\":true,\"version\":\"9.11.1\",\"resolution\":\"D:\\\\Own_Project\\\\we\\\\this is bak\\\\BAK2\\\\amazon-clone\\\\functions\\\\node_modules\\\\firebase-admin\\\\lib\\\\index.js\"}}"}}
[debug] [2021-09-25T02:28:46.977Z] [runtime-status] [2800] Trigger "us-central1-api" has been found, beginning invocation! {"metadata":{"emulator":{"name":"functions"},"function":{"name":"us-central1-api"},"message":"[runtime-status] [2800] Trigger \"us-central1-api\" has been found, beginning invocation!"}}
[info] i  functions: Beginning execution of "us-central1-api" {"metadata":{"emulator":{"name":"functions"},"function":{"name":"us-central1-api"},"message":"Beginning execution of \"us-central1-api\""}}
[debug] [2021-09-25T02:28:46.979Z] [runtime-status] [2800] triggerDefinition {"httpsTrigger":{},"name":"api","entryPoint":"api","regions":["us-central1"],"region":"us-central1","id":"us-central1-api"} {"metadata":{"emulator":{"name":"functions"},"function":{"name":"us-central1-api"},"message":"[runtime-status] [2800] triggerDefinition {\"httpsTrigger\":{},\"name\":\"api\",\"entryPoint\":\"api\",\"regions\":[\"us-central1\"],\"region\":\"us-central1\",\"id\":\"us-central1-api\"}"}}
[debug] [2021-09-25T02:28:46.980Z] [runtime-status] [2800] Running us-central1-api in mode HTTPS {"metadata":{"emulator":{"name":"functions"},"function":{"name":"us-central1-api"},"message":"[runtime-status] [2800] Running us-central1-api in mode HTTPS"}}
[debug] [2021-09-25T02:28:46.983Z] [runtime-status] [2800] Attempting to listen to socketPath: \\?\pipe\D:\Own_Project\we\this is bak\BAK2\amazon-clone\functions\2800 {"metadata":{"emulator":{"name":"functions"},"function":{"name":"us-central1-api"},"message":"[runtime-status] [2800] Attempting to listen to socketPath: \\\\?\\pipe\\D:\\Own_Project\\we\\this is bak\\BAK2\\amazon-clone\\functions\\2800"}}
[debug] [2021-09-25T02:28:46.990Z] [functions] Runtime ready! Sending request! {"metadata":{"emulator":{"name":"functions"},"message":"[functions] Runtime ready! Sending request!"}}
[debug] [2021-09-25T02:28:46.991Z] [functions] Got req.url=/again-d5564/us-central1/api/payments/create?total=17120, mapping to path=/payments/create?total=17120 {"metadata":{"emulator":{"name":"functions"},"message":"[functions] Got req.url=/again-d5564/us-central1/api/payments/create?total=17120, mapping to path=/payments/create?total=17120"}}
[debug] [2021-09-25T02:28:47.001Z] [runtime-status] [2800] Ephemeral server handling POST request {"metadata":{"emulator":{"name":"functions"},"function":{"name":"us-central1-api"},"message":"[runtime-status] [2800] Ephemeral server handling POST request"}}
[info] >  -------------------------------------------- {"user":"--------------------------------------------","metadata":{"emulator":{"name":"functions"},"function":{"name":"us-central1-api"},"message":"\u001b[90m> \u001b[39m --------------------------------------------"}}
[info] >   {"user":"","metadata":{"emulator":{"name":"functions"},"function":{"name":"us-central1-api"},"message":"\u001b[90m> \u001b[39m "}}
[info] >   {"user":"","metadata":{"emulator":{"name":"functions"},"function":{"name":"us-central1-api"},"message":"\u001b[90m> \u001b[39m "}}
[info] >  Payment Request Received!!! {"user":"Payment Request Received!!!","metadata":{"emulator":{"name":"functions"},"function":{"name":"us-central1-api"},"message":"\u001b[90m> \u001b[39m Payment Request Received!!!"}}
[info] >  Banzai!! Arigatou :> {"user":"Banzai!! Arigatou :>","metadata":{"emulator":{"name":"functions"},"function":{"name":"us-central1-api"},"message":"\u001b[90m> \u001b[39m Banzai!! Arigatou :>"}}
[info] >   17120  {"user":17120,"metadata":{"emulator":{"name":"functions"},"function":{"name":"us-central1-api"},"message":"\u001b[90m> \u001b[39m  17120 "}}
[info] >   {"user":"","metadata":{"emulator":{"name":"functions"},"function":{"name":"us-central1-api"},"message":"\u001b[90m> \u001b[39m "}}
[info] >   {"user":"","metadata":{"emulator":{"name":"functions"},"function":{"name":"us-central1-api"},"message":"\u001b[90m> \u001b[39m "}}
[info] >  -------------------------------------------- {"user":"--------------------------------------------","metadata":{"emulator":{"name":"functions"},"function":{"name":"us-central1-api"},"message":"\u001b[90m> \u001b[39m --------------------------------------------"}}
[debug] [2021-09-25T02:28:47.023Z] [runtime-status] [2800] Ephemeral server survived. {"metadata":{"emulator":{"name":"functions"},"function":{"name":"us-central1-api"},"message":"[runtime-status] [2800] Ephemeral server survived."}}
[info] i  functions: Finished "us-central1-api" in ~1s {"metadata":{"emulator":{"name":"functions"},"function":{"name":"us-central1-api"},"message":"Finished \"us-central1-api\" in ~1s"}}
[debug] [2021-09-25T02:28:48.108Z] [worker-us-central1-api-ab74a218-1f8b-4a9a-a22a-f2ce4da4279c]: IDLE {"metadata":{"emulator":{"name":"functions"},"message":"[worker-us-central1-api-ab74a218-1f8b-4a9a-a22a-f2ce4da4279c]: IDLE"}}
[debug] [2021-09-25T02:28:48.109Z] [work-queue] {"queueLength":0,"workRunningCount":0}
[debug] [2021-09-25T02:29:02.030Z] [work-queue] {"queueLength":1,"workRunningCount":0}
[debug] [2021-09-25T02:29:02.031Z] [work-queue] {"queueLength":0,"workRunningCount":1}
[debug] [2021-09-25T02:29:02.031Z] Accepted request POST /again-d5564/us-central1/api/payments/create?total=0 --> us-central1-api
[debug] [2021-09-25T02:29:02.032Z] [worker-pool] submitWork(triggerId=us-central1-api) {"metadata":{"emulator":{"name":"functions"},"message":"[worker-pool] submitWork(triggerId=us-central1-api)"}}
[debug] [2021-09-25T02:29:02.032Z] [worker-us-central1-api-ab74a218-1f8b-4a9a-a22a-f2ce4da4279c]: Assigning socketPath: \\?\pipe\D:\Own_Project\we\this is bak\BAK2\amazon-clone\functions\2800 {"metadata":{"emulator":{"name":"functions"},"message":"[worker-us-central1-api-ab74a218-1f8b-4a9a-a22a-f2ce4da4279c]: Assigning socketPath: \\\\?\\pipe\\D:\\Own_Project\\we\\this is bak\\BAK2\\amazon-clone\\functions\\2800"}}
[debug] [2021-09-25T02:29:02.032Z] [worker-us-central1-api-ab74a218-1f8b-4a9a-a22a-f2ce4da4279c]: BUSY {"metadata":{"emulator":{"name":"functions"},"message":"[worker-us-central1-api-ab74a218-1f8b-4a9a-a22a-f2ce4da4279c]: BUSY"}}
[debug] [2021-09-25T02:29:02.034Z] [runtime-status] [2800] Trigger "us-central1-api" has been found, beginning invocation! {"metadata":{"emulator":{"name":"functions"},"function":{"name":"us-central1-api"},"message":"[runtime-status] [2800] Trigger \"us-central1-api\" has been found, beginning invocation!"}}
[info] i  functions: Beginning execution of "us-central1-api" {"metadata":{"emulator":{"name":"functions"},"function":{"name":"us-central1-api"},"message":"Beginning execution of \"us-central1-api\""}}
[debug] [2021-09-25T02:29:02.043Z] [runtime-status] [2800] triggerDefinition {"httpsTrigger":{},"name":"api","entryPoint":"api","regions":["us-central1"],"region":"us-central1","id":"us-central1-api"} {"metadata":{"emulator":{"name":"functions"},"function":{"name":"us-central1-api"},"message":"[runtime-status] [2800] triggerDefinition {\"httpsTrigger\":{},\"name\":\"api\",\"entryPoint\":\"api\",\"regions\":[\"us-central1\"],\"region\":\"us-central1\",\"id\":\"us-central1-api\"}"}}
[debug] [2021-09-25T02:29:02.044Z] [runtime-status] [2800] Running us-central1-api in mode HTTPS {"metadata":{"emulator":{"name":"functions"},"function":{"name":"us-central1-api"},"message":"[runtime-status] [2800] Running us-central1-api in mode HTTPS"}}
[debug] [2021-09-25T02:29:02.044Z] [runtime-status] [2800] Attempting to listen to socketPath: \\?\pipe\D:\Own_Project\we\this is bak\BAK2\amazon-clone\functions\2800 {"metadata":{"emulator":{"name":"functions"},"function":{"name":"us-central1-api"},"message":"[runtime-status] [2800] Attempting to listen to socketPath: \\\\?\\pipe\\D:\\Own_Project\\we\\this is bak\\BAK2\\amazon-clone\\functions\\2800"}}
[debug] [2021-09-25T02:29:02.047Z] [functions] Runtime ready! Sending request! {"metadata":{"emulator":{"name":"functions"},"message":"[functions] Runtime ready! Sending request!"}}
[debug] [2021-09-25T02:29:02.048Z] [functions] Got req.url=/again-d5564/us-central1/api/payments/create?total=0, mapping to path=/payments/create?total=0 {"metadata":{"emulator":{"name":"functions"},"message":"[functions] Got req.url=/again-d5564/us-central1/api/payments/create?total=0, mapping to path=/payments/create?total=0"}}
[debug] [2021-09-25T02:29:02.053Z] [runtime-status] [2800] Ephemeral server handling POST request {"metadata":{"emulator":{"name":"functions"},"function":{"name":"us-central1-api"},"message":"[runtime-status] [2800] Ephemeral server handling POST request"}}
[info] >  -------------------------------------------- {"user":"--------------------------------------------","metadata":{"emulator":{"name":"functions"},"function":{"name":"us-central1-api"},"message":"\u001b[90m> \u001b[39m --------------------------------------------"}}
[info] >   {"user":"","metadata":{"emulator":{"name":"functions"},"function":{"name":"us-central1-api"},"message":"\u001b[90m> \u001b[39m "}}
[info] >   {"user":"","metadata":{"emulator":{"name":"functions"},"function":{"name":"us-central1-api"},"message":"\u001b[90m> \u001b[39m "}}
[info] >  Payment Request Received!!! {"user":"Payment Request Received!!!","metadata":{"emulator":{"name":"functions"},"function":{"name":"us-central1-api"},"message":"\u001b[90m> \u001b[39m Payment Request Received!!!"}}
[info] >  Banzai!! Arigatou :> {"user":"Banzai!! Arigatou :>","metadata":{"emulator":{"name":"functions"},"function":{"name":"us-central1-api"},"message":"\u001b[90m> \u001b[39m Banzai!! Arigatou :>"}}
[info] >   0  {"user":0,"metadata":{"emulator":{"name":"functions"},"function":{"name":"us-central1-api"},"message":"\u001b[90m> \u001b[39m  0 "}}
[info] >   {"user":"","metadata":{"emulator":{"name":"functions"},"function":{"name":"us-central1-api"},"message":"\u001b[90m> \u001b[39m "}}
[info] >   {"user":"","metadata":{"emulator":{"name":"functions"},"function":{"name":"us-central1-api"},"message":"\u001b[90m> \u001b[39m "}}
[info] >  -------------------------------------------- {"user":"--------------------------------------------","metadata":{"emulator":{"name":"functions"},"function":{"name":"us-central1-api"},"message":"\u001b[90m> \u001b[39m --------------------------------------------"}}
[debug] [2021-09-25T02:29:02.075Z] [runtime-status] [2800] Ephemeral server survived. {"metadata":{"emulator":{"name":"functions"},"function":{"name":"us-central1-api"},"message":"[runtime-status] [2800] Ephemeral server survived."}}
[info] >  (node:2800) UnhandledPromiseRejectionWarning: Error: This value must be greater than or equal to 1. {"user":"(node:2800) UnhandledPromiseRejectionWarning: Error: This value must be greater than or equal to 1.","metadata":{"emulator":{"name":"functions"},"function":{"name":"us-central1-api"},"message":"\u001b[90m> \u001b[39m (node:2800) UnhandledPromiseRejectionWarning: Error: This value must be greater than or equal to 1."}}
[info] >      at Function.generate (D:\Own_Project\we\this is bak\BAK2\amazon-clone\functions\node_modules\stripe\lib\Error.js:40:16) {"user":"    at Function.generate (D:\\Own_Project\\we\\this is bak\\BAK2\\amazon-clone\\functions\\node_modules\\stripe\\lib\\Error.js:40:16)","metadata":{"emulator":{"name":"functions"},"function":{"name":"us-central1-api"},"message":"\u001b[90m> \u001b[39m     at Function.generate (D:\\Own_Project\\we\\this is bak\\BAK2\\amazon-clone\\functions\\node_modules\\stripe\\lib\\Error.js:40:16)"}}
[info] >      at res.toJSON.then.StripeAPIError.message (D:\Own_Project\we\this is bak\BAK2\amazon-clone\functions\node_modules\stripe\lib\StripeResource.js:220:35) {"user":"    at res.toJSON.then.StripeAPIError.message (D:\\Own_Project\\we\\this is bak\\BAK2\\amazon-clone\\functions\\node_modules\\stripe\\lib\\StripeResource.js:220:35)","metadata":{"emulator":{"name":"functions"},"function":{"name":"us-central1-api"},"message":"\u001b[90m> \u001b[39m     at res.toJSON.then.StripeAPIError.message (D:\\Own_Project\\we\\this is bak\\BAK2\\amazon-clone\\functions\\node_modules\\stripe\\lib\\StripeResource.js:220:35)"}}
[info] >      at processTicksAndRejections (internal/process/task_queues.js:93:5) {"user":"    at processTicksAndRejections (internal/process/task_queues.js:93:5)","metadata":{"emulator":{"name":"functions"},"function":{"name":"us-central1-api"},"message":"\u001b[90m> \u001b[39m     at processTicksAndRejections (internal/process/task_queues.js:93:5)"}}
[info] >  (Use `node --trace-warnings ...` to show where the warning was created) {"user":"(Use `node --trace-warnings ...` to show where the warning was created)","metadata":{"emulator":{"name":"functions"},"function":{"name":"us-central1-api"},"message":"\u001b[90m> \u001b[39m (Use `node --trace-warnings ...` to show where the warning was created)"}}
[info] >  (node:2800) UnhandledPromiseRejectionWarning: Unhandled promise rejection. This error originated either by throwing inside of an async function without a catch block, or by rejecting a promise which was not handled with .catch(). To terminate the node process on unhandled promise rejection, use the CLI flag `--unhandled-rejections=strict` (see https://nodejs.org/api/cli.html#cli_unhandled_rejections_mode). (rejection id: 1) {"user":"(node:2800) UnhandledPromiseRejectionWarning: Unhandled promise rejection. This error originated either by throwing inside of an async function without a catch block, or by rejecting a promise which was not handled with .catch(). To terminate the node process on unhandled promise rejection, use the CLI flag `--unhandled-rejections=strict` (see https://nodejs.org/api/cli.html#cli_unhandled_rejections_mode). (rejection id: 1)","metadata":{"emulator":{"name":"functions"},"function":{"name":"us-central1-api"},"message":"\u001b[90m> \u001b[39m (node:2800) UnhandledPromiseRejectionWarning: Unhandled promise rejection. This error originated either by throwing inside of an async function without a catch block, or by rejecting a promise which was not handled with .catch(). To terminate the node process on unhandled promise rejection, use the CLI flag `--unhandled-rejections=strict` (see https://nodejs.org/api/cli.html#cli_unhandled_rejections_mode). (rejection id: 1)"}}
[info] >  (node:2800) [DEP0018] DeprecationWarning: Unhandled promise rejections are deprecated. In the future, promise rejections that are not handled will terminate the Node.js process with a non-zero exit code. {"user":"(node:2800) [DEP0018] DeprecationWarning: Unhandled promise rejections are deprecated. In the future, promise rejections that are not handled will terminate the Node.js process with a non-zero exit code.","metadata":{"emulator":{"name":"functions"},"function":{"name":"us-central1-api"},"message":"\u001b[90m> \u001b[39m (node:2800) [DEP0018] DeprecationWarning: Unhandled promise rejections are deprecated. In the future, promise rejections that are not handled will terminate the Node.js process with a non-zero exit code."}}
[warn] !  functions: Your function timed out after ~60s. To configure this timeout, see
      https://firebase.google.com/docs/functions/manage-functions#set_timeout_and_memory_allocation. {"metadata":{"emulator":{"name":"functions"},"function":{"name":"us-central1-api"},"message":"Your function timed out after ~60s. To configure this timeout, see\n      https://firebase.google.com/docs/functions/manage-functions#set_timeout_and_memory_allocation."}}
[info] >  C:\Users\julia\AppData\Roaming\npm\node_modules\firebase-tools\lib\emulator\functionsEmulatorRuntime.js:679 {"user":"C:\\Users\\julia\\AppData\\Roaming\\npm\\node_modules\\firebase-tools\\lib\\emulator\\functionsEmulatorRuntime.js:679\r","metadata":{"emulator":{"name":"functions"},"function":{"name":"us-central1-api"},"message":"\u001b[90m> \u001b[39m C:\\Users\\julia\\AppData\\Roaming\\npm\\node_modules\\firebase-tools\\lib\\emulator\\functionsEmulatorRuntime.js:679\r"}}
[info] >              throw new Error("Function timed out."); {"user":"            throw new Error(\"Function timed out.\");\r","metadata":{"emulator":{"name":"functions"},"function":{"name":"us-central1-api"},"message":"\u001b[90m> \u001b[39m             throw new Error(\"Function timed out.\");\r"}}
[info] >              ^ {"user":"            ^\r","metadata":{"emulator":{"name":"functions"},"function":{"name":"us-central1-api"},"message":"\u001b[90m> \u001b[39m             ^\r"}}
[info] >   {"user":"\r","metadata":{"emulator":{"name":"functions"},"function":{"name":"us-central1-api"},"message":"\u001b[90m> \u001b[39m \r"}}
[info] >  Error: Function timed out. {"user":"Error: Function timed out.\r","metadata":{"emulator":{"name":"functions"},"function":{"name":"us-central1-api"},"message":"\u001b[90m> \u001b[39m Error: Function timed out.\r"}}
[info] >      at Timeout._onTimeout (C:\Users\julia\AppData\Roaming\npm\node_modules\firebase-tools\lib\emulator\functionsEmulatorRuntime.js:679:19) {"user":"    at Timeout._onTimeout (C:\\Users\\julia\\AppData\\Roaming\\npm\\node_modules\\firebase-tools\\lib\\emulator\\functionsEmulatorRuntime.js:679:19)\r","metadata":{"emulator":{"name":"functions"},"function":{"name":"us-central1-api"},"message":"\u001b[90m> \u001b[39m     at Timeout._onTimeout (C:\\Users\\julia\\AppData\\Roaming\\npm\\node_modules\\firebase-tools\\lib\\emulator\\functionsEmulatorRuntime.js:679:19)\r"}}
[info] >      at listOnTimeout (internal/timers.js:554:17) {"user":"    at listOnTimeout (internal/timers.js:554:17)\r","metadata":{"emulator":{"name":"functions"},"function":{"name":"us-central1-api"},"message":"\u001b[90m> \u001b[39m     at listOnTimeout (internal/timers.js:554:17)\r"}}
[info] >      at processTimers (internal/timers.js:497:7) {"user":"    at processTimers (internal/timers.js:497:7)\r","metadata":{"emulator":{"name":"functions"},"function":{"name":"us-central1-api"},"message":"\u001b[90m> \u001b[39m     at processTimers (internal/timers.js:497:7)\r"}}
[debug] [2021-09-25T02:30:02.099Z] [worker-us-central1-api-ab74a218-1f8b-4a9a-a22a-f2ce4da4279c]: exited {"metadata":{"emulator":{"name":"functions"},"message":"[worker-us-central1-api-ab74a218-1f8b-4a9a-a22a-f2ce4da4279c]: exited"}}
[debug] [2021-09-25T02:30:02.100Z] [worker-us-central1-api-ab74a218-1f8b-4a9a-a22a-f2ce4da4279c]: FINISHED {"metadata":{"emulator":{"name":"functions"},"message":"[worker-us-central1-api-ab74a218-1f8b-4a9a-a22a-f2ce4da4279c]: FINISHED"}}
[debug] [2021-09-25T02:30:02.100Z] [work-queue] {"queueLength":0,"workRunningCount":0}
